::ffff:127.0.0.1 - - [03/Aug/2021:19:53:05 +0000] "GET /status HTTP/1.1" 304 -
::ffff:127.0.0.1 - - [04/Aug/2021:11:26:49 +0000] "GET / HTTP/1.1" 404 139
::ffff:127.0.0.1 - - [04/Aug/2021:11:26:52 +0000] "GET / HTTP/1.1" 404 139
::ffff:127.0.0.1 - - [04/Aug/2021:11:27:02 +0000] "GET /status HTTP/1.1" 304 -
::1 - - [04/Aug/2021:11:47:12 +0000] "GET /status HTTP/1.1" 200 24
::1 - - [04/Aug/2021:11:47:20 +0000] "POST /order HTTP/1.1" 201 -
::1 - - [04/Aug/2021:11:48:02 +0000] "POST /order HTTP/1.1" 201 -
::1 - - [04/Aug/2021:11:49:16 +0000] "POST /order HTTP/1.1" 201 -
::1 - - [04/Aug/2021:11:49:20 +0000] "POST /order HTTP/1.1" 201 -
::1 - - [04/Aug/2021:11:50:55 +0000] "POST /order HTTP/1.1" 201 -
::1 - - [04/Aug/2021:11:51:55 +0000] "POST /order HTTP/1.1" 201 -
::1 - - [04/Aug/2021:11:53:29 +0000] "POST /order HTTP/1.1" 201 -
::1 - - [04/Aug/2021:11:55:42 +0000] "POST /order HTTP/1.1" 201 -
::1 - - [04/Aug/2021:11:57:47 +0000] "POST /order HTTP/1.1" 201 -
::1 - - [04/Aug/2021:12:03:35 +0000] "POST /order HTTP/1.1" 201 -
::1 - - [04/Aug/2021:12:03:45 +0000] "POST /order HTTP/1.1" 201 -
::1 - - [04/Aug/2021:12:05:12 +0000] "POST /order HTTP/1.1" 201 -
::1 - - [04/Aug/2021:12:05:24 +0000] "POST /order HTTP/1.1" 201 -
::1 - - [04/Aug/2021:12:05:33 +0000] "POST /order HTTP/1.1" 201 -
::1 - - [04/Aug/2021:12:05:38 +0000] "POST /order HTTP/1.1" 201 -
::1 - - [04/Aug/2021:12:06:03 +0000] "POST /order HTTP/1.1" 201 -
::1 - - [04/Aug/2021:12:06:15 +0000] "POST /order HTTP/1.1" 201 -
::1 - - [04/Aug/2021:12:06:20 +0000] "POST /order HTTP/1.1" 201 -
::1 - - [04/Aug/2021:12:06:25 +0000] "POST /order HTTP/1.1" 201 -
::1 - - [04/Aug/2021:12:08:16 +0000] "POST /order HTTP/1.1" 201 -
::1 - - [04/Aug/2021:12:08:32 +0000] "POST /order HTTP/1.1" 201 -
::1 - - [04/Aug/2021:12:08:46 +0000] "POST /order HTTP/1.1" 201 -
::1 - - [04/Aug/2021:12:09:15 +0000] "POST /order HTTP/1.1" 201 -
::1 - - [04/Aug/2021:12:09:43 +0000] "POST /order HTTP/1.1" 201 -
::1 - - [04/Aug/2021:12:10:20 +0000] "POST /order HTTP/1.1" 201 -
::1 - - [04/Aug/2021:12:14:40 +0000] "POST /order HTTP/1.1" 201 -
::1 - - [04/Aug/2021:12:14:53 +0000] "POST /order HTTP/1.1" 201 -
::1 - - [04/Aug/2021:12:18:45 +0000] "POST /order HTTP/1.1" 201 -
::ffff:127.0.0.1 - - [04/Aug/2021:12:24:30 +0000] "POST /order HTTP/1.1" 201 -
::1 - - [04/Aug/2021:12:24:38 +0000] "POST /order HTTP/1.1" 201 -
::1 - - [04/Aug/2021:12:25:33 +0000] "POST /order HTTP/1.1" 201 -
::1 - - [04/Aug/2021:12:25:45 +0000] "POST /order HTTP/1.1" 201 -
::1 - - [04/Aug/2021:12:28:17 +0000] "POST /order HTTP/1.1" 201 -
::1 - - [04/Aug/2021:12:29:14 +0000] "POST /order HTTP/1.1" 201 -
::1 - - [04/Aug/2021:12:29:29 +0000] "POST /order HTTP/1.1" 201 -
::1 - - [04/Aug/2021:12:30:50 +0000] "POST /order HTTP/1.1" 201 -
::1 - - [04/Aug/2021:12:33:22 +0000] "POST /order HTTP/1.1" 201 -
::1 - - [04/Aug/2021:12:33:55 +0000] "POST /order HTTP/1.1" 201 -
::1 - - [04/Aug/2021:12:44:56 +0000] "POST /order HTTP/1.1" 201 -
::1 - - [04/Aug/2021:12:45:47 +0000] "POST /order HTTP/1.1" 201 -
::1 - - [04/Aug/2021:12:47:04 +0000] "POST /order HTTP/1.1" 201 -
::1 - - [04/Aug/2021:12:49:52 +0000] "POST /order HTTP/1.1" 201 -
::1 - - [04/Aug/2021:13:08:44 +0000] "POST /order HTTP/1.1" 201 -
::1 - - [04/Aug/2021:16:47:09 +0000] "POST /order HTTP/1.1" 201 -
::1 - - [04/Aug/2021:16:47:21 +0000] "POST /order HTTP/1.1" 201 -
::1 - - [04/Aug/2021:16:47:26 +0000] "POST /order HTTP/1.1" 201 -
::1 - - [04/Aug/2021:16:56:56 +0000] "POST /order HTTP/1.1" 201 -
::1 - - [04/Aug/2021:17:00:17 +0000] "POST /order HTTP/1.1" 201 -
::1 - - [04/Aug/2021:17:03:48 +0000] "POST /order HTTP/1.1" 201 -
::1 - - [04/Aug/2021:17:03:51 +0000] "POST /order HTTP/1.1" 400 78
::1 - - [04/Aug/2021:17:05:02 +0000] "POST /order HTTP/1.1" 400 89
::1 - - [04/Aug/2021:17:21:12 +0000] "POST /order HTTP/1.1" 400 89
::1 - - [04/Aug/2021:20:48:49 +0000] "POST /action HTTP/1.1" 400 94
::1 - - [04/Aug/2021:20:49:38 +0000] "POST /action HTTP/1.1" 201 -
::1 - - [04/Aug/2021:20:49:52 +0000] "POST /action HTTP/1.1" 400 94
::1 - - [04/Aug/2021:20:50:52 +0000] "POST /action HTTP/1.1" 201 -
::1 - - [04/Aug/2021:20:51:03 +0000] "POST /action HTTP/1.1" 201 -
::ffff:127.0.0.1 - - [04/Aug/2021:21:09:16 +0000] "GET / HTTP/1.1" 404 139
::ffff:127.0.0.1 - - [04/Aug/2021:21:14:00 +0000] "GET / HTTP/1.1" 404 139
::ffff:127.0.0.1 - - [04/Aug/2021:21:29:08 +0000] "GET / HTTP/1.1" 404 139
::ffff:127.0.0.1 - - [04/Aug/2021:21:36:03 +0000] "GET / HTTP/1.1" 404 139
::ffff:127.0.0.1 - - [04/Aug/2021:21:38:22 +0000] "GET / HTTP/1.1" 404 139
::ffff:127.0.0.1 - - [04/Aug/2021:21:38:25 +0000] "GET / HTTP/1.1" 404 139
::ffff:127.0.0.1 - - [04/Aug/2021:21:42:10 +0000] "GET / HTTP/1.1" 404 139
::ffff:127.0.0.1 - - [04/Aug/2021:21:58:44 +0000] "POST /action HTTP/1.1" 201 -
